[29-Jul-2022 15:08:50] NOTICE: fpm is running, pid 34611
[29-Jul-2022 15:08:50] NOTICE: ready to handle connections
[29-Jul-2022 15:27:55] NOTICE: Terminating ...
[29-Jul-2022 15:27:55] NOTICE: exiting, bye-bye!
[29-Jul-2022 15:31:22] NOTICE: fpm is running, pid 5458
[29-Jul-2022 15:31:22] NOTICE: ready to handle connections
[29-Jul-2022 15:36:02] NOTICE: Terminating ...
[29-Jul-2022 15:36:02] NOTICE: Terminating ...
[29-Jul-2022 15:36:02] NOTICE: exiting, bye-bye!
[29-Jul-2022 15:36:12] NOTICE: fpm is running, pid 7425
[29-Jul-2022 15:36:12] NOTICE: ready to handle connections
[29-Jul-2022 15:36:18] NOTICE: Terminating ...
[29-Jul-2022 15:36:18] NOTICE: Terminating ...
[29-Jul-2022 15:36:18] NOTICE: exiting, bye-bye!
[29-Jul-2022 15:36:22] NOTICE: fpm is running, pid 7495
[29-Jul-2022 15:36:22] NOTICE: ready to handle connections
[29-Jul-2022 15:37:20] NOTICE: Terminating ...
[29-Jul-2022 15:37:20] NOTICE: Terminating ...
[29-Jul-2022 15:37:20] NOTICE: exiting, bye-bye!
[29-Jul-2022 15:39:27] NOTICE: fpm is running, pid 6425
[29-Jul-2022 15:39:27] NOTICE: ready to handle connections
[29-Jul-2022 16:01:19] NOTICE: Terminating ...
[29-Jul-2022 16:01:19] NOTICE: exiting, bye-bye!
[29-Jul-2022 16:02:25] NOTICE: fpm is running, pid 18652
[29-Jul-2022 16:02:25] NOTICE: ready to handle connections
[29-Jul-2022 16:16:00] NOTICE: Terminating ...
[29-Jul-2022 16:16:00] NOTICE: Terminating ...
[29-Jul-2022 16:16:00] NOTICE: exiting, bye-bye!
[29-Jul-2022 16:40:55] NOTICE: fpm is running, pid 6292
[29-Jul-2022 16:40:55] NOTICE: ready to handle connections
[29-Jul-2022 17:44:01] NOTICE: Terminating ...
[29-Jul-2022 17:44:01] NOTICE: Terminating ...
[29-Jul-2022 17:44:01] NOTICE: exiting, bye-bye!
[30-Jul-2022 06:32:33] NOTICE: fpm is running, pid 35969
[30-Jul-2022 06:32:33] NOTICE: ready to handle connections
[30-Jul-2022 06:34:17] NOTICE: Terminating ...
[30-Jul-2022 06:34:17] NOTICE: Terminating ...
[30-Jul-2022 06:34:17] NOTICE: exiting, bye-bye!
[30-Jul-2022 06:35:32] NOTICE: fpm is running, pid 37123
[30-Jul-2022 06:35:32] NOTICE: ready to handle connections
[30-Jul-2022 06:36:32] NOTICE: Terminating ...
[30-Jul-2022 06:36:32] NOTICE: Terminating ...
[30-Jul-2022 06:36:32] NOTICE: exiting, bye-bye!
[30-Jul-2022 06:39:17] NOTICE: fpm is running, pid 43029
[30-Jul-2022 06:39:17] NOTICE: ready to handle connections
[30-Jul-2022 06:53:23] NOTICE: Terminating ...
[30-Jul-2022 06:53:23] NOTICE: Terminating ...
[30-Jul-2022 06:53:23] NOTICE: exiting, bye-bye!
[30-Jul-2022 06:53:32] NOTICE: fpm is running, pid 45640
[30-Jul-2022 06:53:32] NOTICE: ready to handle connections
[30-Jul-2022 07:05:15] NOTICE: Terminating ...
[30-Jul-2022 07:05:15] NOTICE: Terminating ...
[30-Jul-2022 07:05:15] NOTICE: exiting, bye-bye!
[30-Jul-2022 09:02:51] NOTICE: fpm is running, pid 6214
[30-Jul-2022 09:02:51] NOTICE: ready to handle connections
[30-Jul-2022 11:13:43] NOTICE: Terminating ...
[30-Jul-2022 11:13:43] NOTICE: Terminating ...
[30-Jul-2022 11:13:43] NOTICE: exiting, bye-bye!
[20-Aug-2022 07:59:43] NOTICE: fpm is running, pid 11982
[20-Aug-2022 07:59:43] NOTICE: ready to handle connections
[20-Aug-2022 08:15:04] NOTICE: Terminating ...
[20-Aug-2022 08:15:04] NOTICE: exiting, bye-bye!
[20-Aug-2022 09:02:45] NOTICE: fpm is running, pid 5210
[20-Aug-2022 09:02:45] NOTICE: ready to handle connections
